2022.03.14 16:47:44 INFO  tracing is disabled for protocol LSP, to enable tracing of incoming and outgoing JSON messages create an empty file at e:\大数据\尚硅谷大数据培训\a-常用脚本\项目脚本\.metals\lsp.trace.json or C:\Users\linhaitao1010\AppData\Local\scalameta\metals\cache\lsp.trace.json
2022.03.14 16:47:44 INFO  logging to file E:\大数据\尚硅谷大数据培训\a-常用脚本\项目脚本\.metals\metals.log
2022.03.14 16:47:44 INFO  Started: Metals version 0.11.2 in workspace 'E:\大数据\尚硅谷大数据培训\a-常用脚本\项目脚本' for client Visual Studio Code 1.65.2.
2022.03.14 16:47:44 INFO  Parse release: 1.8.0_291
2022.03.14 16:47:54 INFO  time: initialize in 9.11s
2022.03.14 16:47:54 WARN  Build server is not auto-connectable.
2022.03.14 16:47:54 WARN  no build tool detected in workspace 'E:\大数据\尚硅谷大数据培训\a-常用脚本\项目脚本'. The most common cause for this problem is that the editor was opened in the wrong working directory, for example if you use sbt then the workspace directory should contain build.sbt. 
2022.03.14 16:47:54 WARN  no build target for: E:\大数据\尚硅谷大数据培训\10-Spark\0312\Top3.scala
2022.03.14 16:51:06 INFO  tracing is disabled for protocol LSP, to enable tracing of incoming and outgoing JSON messages create an empty file at e:\大数据\尚硅谷大数据培训\a-常用脚本\项目脚本\.metals\lsp.trace.json or C:\Users\linhaitao1010\AppData\Local\scalameta\metals\cache\lsp.trace.json
2022.03.14 16:51:07 INFO  logging to file E:\大数据\尚硅谷大数据培训\a-常用脚本\项目脚本\.metals\metals.log
2022.03.14 16:51:07 INFO  Started: Metals version 0.11.2 in workspace 'E:\大数据\尚硅谷大数据培训\a-常用脚本\项目脚本' for client Visual Studio Code 1.65.2.
2022.03.14 16:51:07 INFO  Parse release: 1.8.0_291
2022.03.14 16:51:08 INFO  time: initialize in 1s
2022.03.14 16:51:12 WARN  Build server is not auto-connectable.
2022.03.14 16:51:12 WARN  no build tool detected in workspace 'E:\大数据\尚硅谷大数据培训\a-常用脚本\项目脚本'. The most common cause for this problem is that the editor was opened in the wrong working directory, for example if you use sbt then the workspace directory should contain build.sbt. 
2022.03.14 16:51:12 WARN  no build target for: E:\大数据\尚硅谷大数据培训\10-Spark\0312\Top3.scala
2022.03.14 16:52:07 INFO  no build target found for E:\大数据\尚硅谷大数据培训\10-Spark\0312\Top3.scala. Using presentation compiler with project's scala-library version: 3.1.1
2022.03.14 16:52:08 INFO  time: code lens generation in 24s
2022.03.14 16:52:08 INFO  time: code lens generation in 45s
2022.03.14 16:52:08 INFO  time: code lens generation in 14s
2022.03.14 16:52:08 INFO  time: code lens generation in 33s
2022.03.14 16:52:08 INFO  time: code lens generation in 10s
2022.03.14 16:52:08 INFO  time: code lens generation in 55s
2022.03.14 16:52:08 INFO  time: code lens generation in 3.26s
2022.03.14 16:52:08 INFO  time: code lens generation in 7.41s
2022.03.14 16:52:08 INFO  time: code lens generation in 1.1s
三月 14, 2022 5:03:08 下午 org.eclipse.lsp4j.jsonrpc.RemoteEndpoint handleCancellation
警告: Unmatched cancel notification for request id 65
三月 14, 2022 5:20:09 下午 org.eclipse.lsp4j.jsonrpc.RemoteEndpoint handleCancellation
警告: Unmatched cancel notification for request id 100
2022.03.14 23:16:21 INFO  shutting down Metals
2022.03.16 23:58:10 INFO  tracing is disabled for protocol LSP, to enable tracing of incoming and outgoing JSON messages create an empty file at e:\大数据\尚硅谷大数据培训\a-常用脚本\项目脚本\.metals\lsp.trace.json or C:\Users\linhaitao1010\AppData\Local\scalameta\metals\cache\lsp.trace.json
2022.03.16 23:58:10 INFO  logging to file E:\大数据\尚硅谷大数据培训\a-常用脚本\项目脚本\.metals\metals.log
2022.03.16 23:58:10 INFO  Started: Metals version 0.11.2 in workspace 'E:\大数据\尚硅谷大数据培训\a-常用脚本\项目脚本' for client Visual Studio Code 1.65.2.
2022.03.16 23:58:10 INFO  Parse release: 1.8.0_291
2022.03.16 23:58:11 INFO  time: initialize in 0.97s
2022.03.16 23:58:11 WARN  Build server is not auto-connectable.
2022.03.16 23:58:11 WARN  no build tool detected in workspace 'E:\大数据\尚硅谷大数据培训\a-常用脚本\项目脚本'. The most common cause for this problem is that the editor was opened in the wrong working directory, for example if you use sbt then the workspace directory should contain build.sbt. 
2022.03.16 23:58:12 WARN  no build target for: E:\大数据\尚硅谷大数据培训\10-Spark\0312\Top3.scala
2022.03.16 23:58:15 INFO  no build target found for E:\大数据\尚硅谷大数据培训\10-Spark\0312\Top3.scala. Using presentation compiler with project's scala-library version: 3.1.1
2022.03.16 23:58:16 INFO  time: code lens generation in 4.11s
2022.03.17 00:01:50 INFO  shutting down Metals
2022.03.20 22:37:49 INFO  tracing is disabled for protocol LSP, to enable tracing of incoming and outgoing JSON messages create an empty file at e:\大数据\尚硅谷大数据培训\a-常用脚本\项目脚本\.metals\lsp.trace.json or C:\Users\linhaitao1010\AppData\Local\scalameta\metals\cache\lsp.trace.json
2022.03.20 22:37:49 INFO  logging to file E:\大数据\尚硅谷大数据培训\a-常用脚本\项目脚本\.metals\metals.log
2022.03.20 22:37:49 INFO  Started: Metals version 0.11.2 in workspace 'E:\大数据\尚硅谷大数据培训\a-常用脚本\项目脚本' for client Visual Studio Code 1.65.2.
2022.03.20 22:37:49 INFO  Parse release: 1.8.0_291
2022.03.20 22:37:50 INFO  time: initialize in 1.02s
2022.03.20 22:37:51 WARN  Build server is not auto-connectable.
2022.03.20 22:37:51 WARN  no build tool detected in workspace 'E:\大数据\尚硅谷大数据培训\a-常用脚本\项目脚本'. The most common cause for this problem is that the editor was opened in the wrong working directory, for example if you use sbt then the workspace directory should contain build.sbt. 
2022.03.20 22:51:23 INFO  no build target found for E:\大数据\尚硅谷大数据培训\10-Spark\0316\stage切分源码.txt. Using presentation compiler with project's scala-library version: 3.1.1
2022.03.21 00:40:39 INFO  shutting down Metals
